#
# There is insufficient memory for the Java Runtime Environment to continue.
# Native memory allocation (mmap) failed to map 132120576 bytes. Error detail: G1 virtual space
# Possible reasons:
#   The system is out of physical RAM or swap space
#   This process is running with CompressedOops enabled, and the Java Heap may be blocking the growth of the native heap
# Possible solutions:
#   Reduce memory load on the system
#   Increase physical memory or swap space
#   Check if swap backing store is full
#   Decrease Java heap size (-Xmx/-Xms)
#   Decrease number of Java threads
#   Decrease Java thread stack sizes (-Xss)
#   Set larger code cache with -XX:ReservedCodeCacheSize=
#   JVM is running with Unscaled Compressed Oops mode in which the Java heap is
#     placed in the first 4GB address space. The Java Heap base address is the
#     maximum limit for the native heap growth. Please use -XX:HeapBaseMinAddress
#     to set the Java Heap base and to place the Java Heap above 4GB virtual address.
# This output file may be truncated or incomplete.
#
#  Out of Memory Error (os_windows.cpp:3564), pid=5108, tid=18128
#
# JRE version:  (24.0.1+9) (build )
# Java VM: Java HotSpot(TM) 64-Bit Server VM (24.0.1+9-30, mixed mode, sharing, tiered, compressed oops, compressed class ptrs, g1 gc, windows-amd64)
# No core dump will be written. Minidumps are not enabled by default on client versions of Windows
#

---------------  S U M M A R Y ------------

Command Line: --module-path=C:\Users\DELL\.m2\repository\org\openjfx\javafx-base\21\javafx-base-21-win.jar;C:\Users\DELL\.m2\repository\org\openjfx\javafx-base\21\javafx-base-21.jar;C:\Users\DELL\.m2\repository\org\openjfx\javafx-controls\21\javafx-controls-21-win.jar;C:\Users\DELL\.m2\repository\org\openjfx\javafx-controls\21\javafx-controls-21.jar;C:\Users\DELL\.m2\repository\org\openjfx\javafx-fxml\21\javafx-fxml-21-win.jar;C:\Users\DELL\.m2\repository\org\openjfx\javafx-fxml\21\javafx-fxml-21.jar;C:\Users\DELL\.m2\repository\org\openjfx\javafx-graphics\21\javafx-graphics-21-win.jar;C:\Users\DELL\.m2\repository\org\openjfx\javafx-graphics\21\javafx-graphics-21.jar --add-modules=javafx.base,javafx.controls,javafx.fxml,javafx.graphics com.internship.client.main.MainApp

Host: Intel(R) Core(TM) i5-7440HQ CPU @ 2.80GHz, 4 cores, 7G,  Windows 10 , 64 bit Build 19041 (10.0.19041.5438)
Time: Wed Oct 22 00:11:02 2025 India Standard Time elapsed time: 0.013082 seconds (0d 0h 0m 0s)

---------------  T H R E A D  ---------------

Current thread (0x000001d9f67902e0):  JavaThread "Unknown thread" [_thread_in_vm, id=18128, stack(0x0000002dd8f00000,0x0000002dd9000000) (1024K)]

Stack: [0x0000002dd8f00000,0x0000002dd9000000]
Native frames: (J=compiled Java code, j=interpreted, Vv=VM code, C=native code)
V  [jvm.dll+0x730739]  (no source info available)
V  [jvm.dll+0x8d9b23]  (no source info available)
V  [jvm.dll+0x8dc00d]  (no source info available)
V  [jvm.dll+0x8dc683]  (no source info available)
V  [jvm.dll+0x2aa086]  (no source info available)
V  [jvm.dll+0x72cc65]  (no source info available)
V  [jvm.dll+0x72059a]  (no source info available)
V  [jvm.dll+0x390cea]  (no source info available)
V  [jvm.dll+0x3989f6]  (no source info available)
V  [jvm.dll+0x38523e]  (no source info available)
V  [jvm.dll+0x3854f8]  (no source info available)
V  [jvm.dll+0x35d0cc]  (no source info available)
V  [jvm.dll+0x35dd8d]  (no source info available)
V  [jvm.dll+0x89d28f]  (no source info available)
V  [jvm.dll+0x3f985d]  (no source info available)
V  [jvm.dll+0x8858e6]  (no source info available)
V  [jvm.dll+0x495f3e]  (no source info available)
V  [jvm.dll+0x497d11]  (no source info available)
C  [jli.dll+0x52a1]  (no source info available)
C  [ucrtbase.dll+0x21bb2]  (no source info available)
C  [KERNEL32.DLL+0x17374]  (no source info available)
C  [ntdll.dll+0x4cc91]  (no source info available)

Lock stack of current Java thread (top to bottom):


---------------  P R O C E S S  ---------------

Threads class SMR info:
_java_thread_list=0x00007ff83ec4f318, length=0, elements={
}

Java Threads: ( => current thread )
Total: 0

Other Threads:
  0x000001d9f8988560 WorkerThread "GC Thread#0"                     [id=5196, stack(0x0000002dd9000000,0x0000002dd9100000) (1024K)]
  0x000001d9f899d1e0 ConcurrentGCThread "G1 Main Marker"            [id=1468, stack(0x0000002dd9100000,0x0000002dd9200000) (1024K)]
  0x000001d9f899f4a0 WorkerThread "G1 Conc#0"                       [id=14500, stack(0x0000002dd9200000,0x0000002dd9300000) (1024K)]

[error occurred during error reporting (printing all threads), id 0xc0000005, EXCEPTION_ACCESS_VIOLATION (0xc0000005) at pc=0x00007ff83e3814ea]
VM state: not at safepoint (not fully initialized)

VM Mutex/Monitor currently owned by a thread:  ([mutex/lock_event])
[0x00007ff83ecd45b0] Heap_lock - owner thread: 0x000001d9f67902e0

Heap address: 0x0000000082200000, size: 2014 MB, Compressed Oops mode: 32-bit

CDS archive(s) mapped at: [0x0000000000000000-0x0000000000000000-0x0000000000000000), size 0, SharedBaseAddress: 0x0000000800000000, ArchiveRelocationMode: 1.
UseCompressedClassPointers 1, UseCompactObjectHeaders 0
Narrow klass pointer bits 32, Max shift 3
Narrow klass base: 0xffffffffffffffff, Narrow klass shift: -1
Encoding Range: [0xffffffffffffffff - 0x000000007fffffff), (2147483648 bytes)
Klass Range:    [0x0000000000000000 - 0x0000000000000000), (0 bytes)
Klass ID Range:  [4294967295 - 0) (1)

GC Precious Log:
 CardTable entry size: 512
 Card Set container configuration: InlinePtr #cards 5 size 8 Array Of Cards #cards 10 size 36 Howl #buckets 4 coarsen threshold 1843 Howl Bitmap #cards 512 size 80 coarsen threshold 460 Card regions per heap region 1 cards per card region 2048

Heap:
 garbage-first heap   total reserved 2062336K, committed 0K, used 0K [0x0000000082200000, 0x0000000100000000)
  region size 1024K, 0 young (0K), 0 survivors (0K)

[error occurred during error reporting (printing heap information), id 0xc0000005, EXCEPTION_ACCESS_VIOLATION (0xc0000005) at pc=0x00007ff83e79e3e9]
GC Heap History (0 events):
No events

Dll operation events (1 events):
Event: 0.009 Loaded shared library C:\Program Files\Java\jdk-24\bin\java.dll

Deoptimization events (0 events):
No events

Classes loaded (0 events):
No events

Classes unloaded (0 events):
No events

Classes redefined (0 events):
No events

Internal exceptions (0 events):
No events

VM Operations (0 events):
No events

Memory protections (0 events):
No events

Nmethod flushes (0 events):
No events

Events (0 events):
No events


Dynamic libraries:
0x00007ff715990000 - 0x00007ff7159a0000 	C:\Program Files\Java\jdk-24\bin\java.exe
0x00007ff888370000 - 0x00007ff888568000 	C:\Windows\SYSTEM32\ntdll.dll
0x00007ff886550000 - 0x00007ff886612000 	C:\Windows\System32\KERNEL32.DLL
0x00007ff885d70000 - 0x00007ff88606f000 	C:\Windows\System32\KERNELBASE.dll
0x00007ff885c70000 - 0x00007ff885d70000 	C:\Windows\System32\ucrtbase.dll
0x00007ff87e060000 - 0x00007ff87e07b000 	C:\Program Files\Java\jdk-24\bin\VCRUNTIME140.dll
0x00007ff87e110000 - 0x00007ff87e126000 	C:\Program Files\Java\jdk-24\bin\jli.dll
0x00007ff8875f0000 - 0x00007ff88778d000 	C:\Windows\System32\USER32.dll
0x00007ff86e440000 - 0x00007ff86e6da000 	C:\Windows\WinSxS\amd64_microsoft.windows.common-controls_6595b64144ccf1df_6.0.19041.4355_none_60b8b9eb71f62e16\COMCTL32.dll
0x00007ff885a80000 - 0x00007ff885aa2000 	C:\Windows\System32\win32u.dll
0x00007ff887d40000 - 0x00007ff887dde000 	C:\Windows\System32\msvcrt.dll
0x00007ff887cf0000 - 0x00007ff887d1b000 	C:\Windows\System32\GDI32.dll
0x00007ff885ab0000 - 0x00007ff885bca000 	C:\Windows\System32\gdi32full.dll
0x00007ff885bd0000 - 0x00007ff885c6d000 	C:\Windows\System32\msvcp_win.dll
0x00007ff887ef0000 - 0x00007ff887f1f000 	C:\Windows\System32\IMM32.DLL
0x00007ff87f760000 - 0x00007ff87f76c000 	C:\Program Files\Java\jdk-24\bin\vcruntime140_1.dll
0x00007ff86fe10000 - 0x00007ff86fe9e000 	C:\Program Files\Java\jdk-24\bin\msvcp140.dll
0x00007ff83e010000 - 0x00007ff83edb2000 	C:\Program Files\Java\jdk-24\bin\server\jvm.dll
0x00007ff888280000 - 0x00007ff88832f000 	C:\Windows\System32\ADVAPI32.dll
0x00007ff886450000 - 0x00007ff8864ef000 	C:\Windows\System32\sechost.dll
0x00007ff886620000 - 0x00007ff886743000 	C:\Windows\System32\RPCRT4.dll
0x00007ff886100000 - 0x00007ff886127000 	C:\Windows\System32\bcrypt.dll
0x00007ff887790000 - 0x00007ff8877fb000 	C:\Windows\System32\WS2_32.dll
0x00007ff884f60000 - 0x00007ff884fab000 	C:\Windows\SYSTEM32\POWRPROF.dll
0x00007ff871440000 - 0x00007ff871467000 	C:\Windows\SYSTEM32\WINMM.dll
0x00007ff87b250000 - 0x00007ff87b25a000 	C:\Windows\SYSTEM32\VERSION.dll
0x00007ff884dd0000 - 0x00007ff884de2000 	C:\Windows\SYSTEM32\UMPDC.dll
0x00007ff8841e0000 - 0x00007ff8841f2000 	C:\Windows\SYSTEM32\kernel.appcore.dll
0x00007ff87f390000 - 0x00007ff87f39a000 	C:\Program Files\Java\jdk-24\bin\jimage.dll
0x00007ff882fd0000 - 0x00007ff8831b4000 	C:\Windows\SYSTEM32\DBGHELP.DLL
0x00007ff86b7c0000 - 0x00007ff86b7f4000 	C:\Windows\SYSTEM32\dbgcore.DLL
0x00007ff886070000 - 0x00007ff8860f2000 	C:\Windows\System32\bcryptPrimitives.dll
0x00007ff87de70000 - 0x00007ff87de8e000 	C:\Program Files\Java\jdk-24\bin\java.dll
0x00007ff887b60000 - 0x00007ff887c8b000 	C:\Windows\System32\ole32.dll
0x00007ff887800000 - 0x00007ff887b55000 	C:\Windows\System32\combase.dll
0x00007ff886800000 - 0x00007ff886f6d000 	C:\Windows\System32\SHELL32.dll

JVMTI agents: none

dbghelp: loaded successfully - version: 4.0.5 - missing functions: none
symbol engine: initialized successfully - sym options: 0x614 - pdb path: .;C:\Program Files\Java\jdk-24\bin;C:\Windows\SYSTEM32;C:\Windows\WinSxS\amd64_microsoft.windows.common-controls_6595b64144ccf1df_6.0.19041.4355_none_60b8b9eb71f62e16;C:\Program Files\Java\jdk-24\bin\server

VM Arguments:
jvm_args: --module-path=C:\Users\DELL\.m2\repository\org\openjfx\javafx-base\21\javafx-base-21-win.jar;C:\Users\DELL\.m2\repository\org\openjfx\javafx-base\21\javafx-base-21.jar;C:\Users\DELL\.m2\repository\org\openjfx\javafx-controls\21\javafx-controls-21-win.jar;C:\Users\DELL\.m2\repository\org\openjfx\javafx-controls\21\javafx-controls-21.jar;C:\Users\DELL\.m2\repository\org\openjfx\javafx-fxml\21\javafx-fxml-21-win.jar;C:\Users\DELL\.m2\repository\org\openjfx\javafx-fxml\21\javafx-fxml-21.jar;C:\Users\DELL\.m2\repository\org\openjfx\javafx-graphics\21\javafx-graphics-21-win.jar;C:\Users\DELL\.m2\repository\org\openjfx\javafx-graphics\21\javafx-graphics-21.jar --add-modules=javafx.base,javafx.controls,javafx.fxml,javafx.graphics 
java_command: com.internship.client.main.MainApp
java_class_path (initial): c:\Users\DELL\Documents\java-sem3-miniproject-main\client-frontend\target\classes;C:\Users\DELL\.m2\repository\com\fasterxml\jackson\core\jackson-annotations\2.15.2\jackson-annotations-2.15.2.jar;C:\Users\DELL\.m2\repository\com\fasterxml\jackson\core\jackson-core\2.15.2\jackson-core-2.15.2.jar;C:\Users\DELL\.m2\repository\com\fasterxml\jackson\core\jackson-databind\2.15.2\jackson-databind-2.15.2.jar
Launcher Type: SUN_STANDARD

[Global flags]
     intx CICompilerCount                          = 3                                         {product} {ergonomic}
     uint ConcGCThreads                            = 1                                         {product} {ergonomic}
     uint G1ConcRefinementThreads                  = 4                                         {product} {ergonomic}
   size_t G1HeapRegionSize                         = 1048576                                   {product} {ergonomic}
   size_t InitialHeapSize                          = 132120576                                 {product} {ergonomic}
   size_t MarkStackSize                            = 4194304                                   {product} {ergonomic}
   size_t MarkStackSizeMax                         = 536870912                                 {product} {ergonomic}
   size_t MaxHeapSize                              = 2111832064                                {product} {ergonomic}
   size_t MinHeapDeltaBytes                        = 1048576                                   {product} {ergonomic}
   size_t MinHeapSize                              = 8388608                                   {product} {ergonomic}
    uintx NonNMethodCodeHeapSize                   = 5832704                                {pd product} {ergonomic}
    uintx NonProfiledCodeHeapSize                  = 122945536                              {pd product} {ergonomic}
    uintx ProfiledCodeHeapSize                     = 122880000                              {pd product} {ergonomic}
    uintx ReservedCodeCacheSize                    = 251658240                              {pd product} {ergonomic}
     bool SegmentedCodeCache                       = true                                      {product} {ergonomic}
   size_t SoftMaxHeapSize                          = 2111832064                             {manageable} {ergonomic}
     bool UseCompressedOops                        = true                           {product lp64_product} {ergonomic}
     bool UseG1GC                                  = true                                      {product} {ergonomic}
     bool UseLargePagesIndividualAllocation        = false                                  {pd product} {ergonomic}

Logging:
Log output configuration:
 #0: stdout all=warning uptime,level,tags foldmultilines=false
 #1: stderr all=off uptime,level,tags foldmultilines=false

Environment Variables:
PATH=C:\Program Files\Common Files\Oracle\Java\javapath;c:\Users\DELL\AppData\Local\Programs\cursor\resources\app\bin;C:\Users\DELL\AppData\Local\Google\Chrome\Application;C:\Program Files (x86)\Common Files\Oracle\Java\java8path;C:\Program Files (x86)\Common Files\Oracle\Java\javapath;C:\Windows\system32;C:\Windows;C:\Windows\System32\Wbem;C:\Windows\System32\WindowsPowerShell\v1.0\;C:\Windows\System32\OpenSSH\;C:\Program Files (x86)\NVIDIA Corporation\PhysX\Common;C:\Program Files\nodejs\;C:\Users\DELL\AppData\Local\Microsoft\WindowsApps;C:\Users\DELL\AppData\Roaming\npm;c:\Users\DELL\AppData\Local\Programs\cursor\resources\app\bin;c:\altera\90\quartus\bin;C:\Program Files\Java\jdk-24\bin;C:\Program Files (x86)\Intel\Intel(R) Management Engine Components\DAL;C:\Program Files\Intel\Intel(R) Management Engine Components\DAL;C:\Program Files\Git\cmd;:\Users\DELL\Downloads\mavenapp\apache-maven-3.9.11;C:\Users\DELL\Downloads\mavenapp\apache-maven-3.9.11\bin;C:\Program Files\MySQL\MySQL Shell 8.0\bin\;C:\Users\DELL\AppData\Local\Microsoft\WindowsApps;C:\Users\DELL\AppData\Roaming\npm;C:\Users\DELL\AppData\Local\Programs\Microsoft VS Code\bin;C:\Users\DELL\AppData\Local\Programs\cursor\resources\app\bin;C:\msys64\ucrt64\bin;
USERNAME=DELL
LANG=en_US.UTF-8
OS=Windows_NT
PROCESSOR_IDENTIFIER=Intel64 Family 6 Model 158 Stepping 9, GenuineIntel
TMP=C:\Users\DELL\AppData\Local\Temp
TEMP=C:\Users\DELL\AppData\Local\Temp




Periodic native trim disabled

---------------  S Y S T E M  ---------------

OS:
 Windows 10 , 64 bit Build 19041 (10.0.19041.5438)
OS uptime: 3 days 15:37 hours
Hyper-V role detected

CPU: total 4 (initial active 4) (4 cores per cpu, 1 threads per core) family 6 model 158 stepping 9 microcode 0xf6, cx8, cmov, fxsr, mmx, 3dnowpref, sse, sse2, sse3, ssse3, sse4.1, sse4.2, popcnt, lzcnt, tsc, tscinvbit, avx, avx2, aes, erms, clmul, bmi1, bmi2, rtm, adx, fma, vzeroupper, clflush, clflushopt, hv, rdtscp, f16c
Processor Information for the first 4 processors :
  Max Mhz: 2801, Current Mhz: 2801, Mhz Limit: 2801

Memory: 4k page, system-wide physical 8052M (616M free)
TotalPageFile size 19296M (AvailPageFile size 113M)
current process WorkingSet (physical memory assigned to process): 12M, peak: 12M
current process commit charge ("private bytes"): 52M, peak: 178M

vm_info: Java HotSpot(TM) 64-Bit Server VM (24.0.1+9-30) for windows-amd64 JRE (24.0.1+9-30), built on 2025-03-05T07:23:45Z with MS VC++ 17.6 (VS2022)

END.
